<?xml version="1.0" encoding="UTF-8"?>
<testng-results skipped="0" failed="0" total="5" passed="5">
  <reporter-output>
  </reporter-output>
  <suite name="Suite" duration-ms="437446" started-at="2021-03-09T10:33:59Z" finished-at="2021-03-09T10:41:17Z">
    <groups>
    </groups>
    <test name="Validating User login" duration-ms="99880" started-at="2021-03-09T10:33:59Z" finished-at="2021-03-09T10:35:39Z">
      <class name="Structured.DataPattern.validateTitle">
        <test-method status="PASS" signature="initialize()[pri:0, instance:Structured.DataPattern.validateTitle@70325e14]" name="initialize" is-config="true" duration-ms="39350" started-at="2021-03-09T16:03:59Z" finished-at="2021-03-09T16:04:39Z">
          <reporter-output>
          </reporter-output>
        </test-method> <!-- initialize -->
        <test-method status="PASS" signature="validation()[pri:0, instance:Structured.DataPattern.validateTitle@70325e14]" name="validation" duration-ms="340" started-at="2021-03-09T16:04:39Z" finished-at="2021-03-09T16:04:39Z">
          <reporter-output>
          </reporter-output>
        </test-method> <!-- validation -->
        <test-method status="PASS" signature="teardown()[pri:0, instance:Structured.DataPattern.validateTitle@70325e14]" name="teardown" is-config="true" duration-ms="60115" started-at="2021-03-09T16:04:39Z" finished-at="2021-03-09T16:05:39Z">
          <reporter-output>
          </reporter-output>
        </test-method> <!-- teardown -->
      </class> <!-- Structured.DataPattern.validateTitle -->
    </test> <!-- Validating User login -->
    <test name="Validating title in the Page" duration-ms="123397" started-at="2021-03-09T10:35:43Z" finished-at="2021-03-09T10:37:46Z">
      <class name="Structured.DataPattern.validateNavigation">
        <test-method status="PASS" signature="initialize()[pri:0, instance:Structured.DataPattern.validateNavigation@291caca8]" name="initialize" is-config="true" duration-ms="63147" started-at="2021-03-09T16:05:43Z" finished-at="2021-03-09T16:06:46Z">
          <reporter-output>
          </reporter-output>
        </test-method> <!-- initialize -->
        <test-method status="PASS" signature="validateAppTitle()[pri:0, instance:Structured.DataPattern.validateNavigation@291caca8]" name="validateAppTitle" duration-ms="177" started-at="2021-03-09T16:06:46Z" finished-at="2021-03-09T16:06:46Z">
          <reporter-output>
          </reporter-output>
        </test-method> <!-- validateAppTitle -->
        <test-method status="PASS" signature="teardown()[pri:0, instance:Structured.DataPattern.validateNavigation@291caca8]" name="teardown" is-config="true" duration-ms="60072" started-at="2021-03-09T16:06:46Z" finished-at="2021-03-09T16:07:46Z">
          <reporter-output>
          </reporter-output>
        </test-method> <!-- teardown -->
      </class> <!-- Structured.DataPattern.validateNavigation -->
    </test> <!-- Validating title in the Page -->
    <test name="Validating navigation Bar" duration-ms="78327" started-at="2021-03-09T10:37:46Z" finished-at="2021-03-09T10:39:05Z">
      <class name="Structured.DataPattern.HomePage">
        <test-method status="PASS" signature="Launch()[pri:0, instance:Structured.DataPattern.HomePage@192c3f1e]" name="Launch" is-config="true" duration-ms="6082" started-at="2021-03-09T16:07:46Z" finished-at="2021-03-09T16:07:52Z">
          <reporter-output>
          </reporter-output>
        </test-method> <!-- Launch -->
        <test-method status="PASS" signature="baseNavigation(java.lang.String, java.lang.String)[pri:0, instance:Structured.DataPattern.HomePage@192c3f1e]" name="baseNavigation" duration-ms="10706" started-at="2021-03-09T16:07:52Z" data-provider="getData" finished-at="2021-03-09T16:08:03Z">
          <params>
            <param index="0">
              <value>
                <![CDATA[prachi]]>
              </value>
            </param>
            <param index="1">
              <value>
                <![CDATA[s123]]>
              </value>
            </param>
          </params>
          <reporter-output>
          </reporter-output>
        </test-method> <!-- baseNavigation -->
        <test-method status="PASS" signature="baseNavigation(java.lang.String, java.lang.String)[pri:0, instance:Structured.DataPattern.HomePage@192c3f1e]" name="baseNavigation" duration-ms="1439" started-at="2021-03-09T16:08:03Z" data-provider="getData" finished-at="2021-03-09T16:08:05Z">
          <params>
            <param index="0">
              <value>
                <![CDATA[chipra]]>
              </value>
            </param>
            <param index="1">
              <value>
                <![CDATA[7123d]]>
              </value>
            </param>
          </params>
          <reporter-output>
          </reporter-output>
        </test-method> <!-- baseNavigation -->
        <test-method status="PASS" signature="teardown()[pri:0, instance:Structured.DataPattern.HomePage@192c3f1e]" name="teardown" is-config="true" duration-ms="60088" started-at="2021-03-09T16:08:05Z" finished-at="2021-03-09T16:09:05Z">
          <reporter-output>
          </reporter-output>
        </test-method> <!-- teardown -->
      </class> <!-- Structured.DataPattern.HomePage -->
    </test> <!-- Validating navigation Bar -->
    <test name="Validating amazon home" duration-ms="131590" started-at="2021-03-09T10:39:05Z" finished-at="2021-03-09T10:41:17Z">
      <class name="Structured.DataPattern.AmazonHomeTest">
        <test-method status="PASS" signature="Launch()[pri:0, instance:Structured.DataPattern.AmazonHomeTest@5c671d7f]" name="Launch" is-config="true" duration-ms="50964" started-at="2021-03-09T16:09:05Z" finished-at="2021-03-09T16:09:56Z">
          <reporter-output>
          </reporter-output>
        </test-method> <!-- Launch -->
        <test-method status="PASS" signature="AmazonHomePage()[pri:0, instance:Structured.DataPattern.AmazonHomeTest@5c671d7f]" name="AmazonHomePage" duration-ms="20320" started-at="2021-03-09T16:09:56Z" finished-at="2021-03-09T16:10:17Z">
          <reporter-output>
          </reporter-output>
        </test-method> <!-- AmazonHomePage -->
        <test-method status="PASS" signature="teardown()[pri:0, instance:Structured.DataPattern.AmazonHomeTest@5c671d7f]" name="teardown" is-config="true" duration-ms="60303" started-at="2021-03-09T16:10:17Z" finished-at="2021-03-09T16:11:17Z">
          <reporter-output>
          </reporter-output>
        </test-method> <!-- teardown -->
      </class> <!-- Structured.DataPattern.AmazonHomeTest -->
    </test> <!-- Validating amazon home -->
  </suite> <!-- Suite -->
</testng-results>
