<?xml version="1.0" encoding="UTF-8"?>
<testng-results skipped="0" failed="0" ignored="0" total="5" passed="5">
  <reporter-output>
  </reporter-output>
  <suite name="Suite" duration-ms="100592" started-at="2021-03-09T10:29:39Z" finished-at="2021-03-09T10:31:19Z">
    <groups>
    </groups>
    <test name="Validating User login" duration-ms="27559" started-at="2021-03-09T10:29:39Z" finished-at="2021-03-09T10:30:06Z">
      <class name="Structured.DataPattern.validateTitle">
        <test-method status="PASS" signature="initialize()[pri:0, instance:Structured.DataPattern.validateTitle@2beee7ff]" name="initialize" is-config="true" duration-ms="19486" started-at="2021-03-09T10:29:39Z" finished-at="2021-03-09T10:29:58Z">
          <reporter-output>
          </reporter-output>
        </test-method> <!-- initialize -->
        <test-method status="PASS" signature="validation()[pri:0, instance:Structured.DataPattern.validateTitle@2beee7ff]" name="validation" duration-ms="752" started-at="2021-03-09T10:29:58Z" finished-at="2021-03-09T10:29:59Z">
          <reporter-output>
          </reporter-output>
        </test-method> <!-- validation -->
        <test-method status="PASS" signature="teardown()[pri:0, instance:Structured.DataPattern.validateTitle@2beee7ff]" name="teardown" is-config="true" duration-ms="7245" started-at="2021-03-09T10:29:59Z" finished-at="2021-03-09T10:30:06Z">
          <reporter-output>
          </reporter-output>
        </test-method> <!-- teardown -->
      </class> <!-- Structured.DataPattern.validateTitle -->
    </test> <!-- Validating User login -->
    <test name="Validating title in the Page" duration-ms="40167" started-at="2021-03-09T10:30:08Z" finished-at="2021-03-09T10:30:48Z">
      <class name="Structured.DataPattern.validateNavigation">
        <test-method status="PASS" signature="initialize()[pri:0, instance:Structured.DataPattern.validateNavigation@68c72235]" name="initialize" is-config="true" duration-ms="21436" started-at="2021-03-09T10:30:08Z" finished-at="2021-03-09T10:30:29Z">
          <reporter-output>
          </reporter-output>
        </test-method> <!-- initialize -->
        <test-method status="PASS" signature="validateAppTitle()[pri:0, instance:Structured.DataPattern.validateNavigation@68c72235]" name="validateAppTitle" duration-ms="160" started-at="2021-03-09T10:30:29Z" finished-at="2021-03-09T10:30:30Z">
          <reporter-output>
          </reporter-output>
        </test-method> <!-- validateAppTitle -->
        <test-method status="PASS" signature="teardown()[pri:0, instance:Structured.DataPattern.validateNavigation@68c72235]" name="teardown" is-config="true" duration-ms="18569" started-at="2021-03-09T10:30:30Z" finished-at="2021-03-09T10:30:48Z">
          <reporter-output>
          </reporter-output>
        </test-method> <!-- teardown -->
      </class> <!-- Structured.DataPattern.validateNavigation -->
    </test> <!-- Validating title in the Page -->
    <test name="Validating navigation Bar" duration-ms="12037" started-at="2021-03-09T10:30:48Z" finished-at="2021-03-09T10:31:00Z">
      <class name="Structured.DataPattern.HomePage">
        <test-method status="PASS" signature="Launch()[pri:0, instance:Structured.DataPattern.HomePage@3d1cfad4]" name="Launch" is-config="true" duration-ms="2388" started-at="2021-03-09T10:30:48Z" finished-at="2021-03-09T10:30:51Z">
          <reporter-output>
          </reporter-output>
        </test-method> <!-- Launch -->
        <test-method status="PASS" signature="baseNavigation(java.lang.String, java.lang.String)[pri:0, instance:Structured.DataPattern.HomePage@3d1cfad4]" name="baseNavigation" duration-ms="5983" started-at="2021-03-09T10:30:51Z" data-provider="getData" finished-at="2021-03-09T10:30:57Z">
          <params>
            <param index="0">
              <value>
                <![CDATA[prachi]]>
              </value>
            </param>
            <param index="1">
              <value>
                <![CDATA[s123]]>
              </value>
            </param>
          </params>
          <reporter-output>
          </reporter-output>
        </test-method> <!-- baseNavigation -->
        <test-method status="PASS" signature="baseNavigation(java.lang.String, java.lang.String)[pri:0, instance:Structured.DataPattern.HomePage@3d1cfad4]" name="baseNavigation" duration-ms="1282" started-at="2021-03-09T10:30:57Z" data-provider="getData" finished-at="2021-03-09T10:30:58Z">
          <params>
            <param index="0">
              <value>
                <![CDATA[chipra]]>
              </value>
            </param>
            <param index="1">
              <value>
                <![CDATA[7123d]]>
              </value>
            </param>
          </params>
          <reporter-output>
          </reporter-output>
        </test-method> <!-- baseNavigation -->
        <test-method status="PASS" signature="teardown()[pri:0, instance:Structured.DataPattern.HomePage@3d1cfad4]" name="teardown" is-config="true" duration-ms="2340" started-at="2021-03-09T10:30:58Z" finished-at="2021-03-09T10:31:00Z">
          <reporter-output>
          </reporter-output>
        </test-method> <!-- teardown -->
      </class> <!-- Structured.DataPattern.HomePage -->
    </test> <!-- Validating navigation Bar -->
    <test name="Validating amazon home" duration-ms="18837" started-at="2021-03-09T10:31:00Z" finished-at="2021-03-09T10:31:19Z">
      <class name="Structured.DataPattern.AmazonHomeTest">
        <test-method status="PASS" signature="Launch()[pri:0, instance:Structured.DataPattern.AmazonHomeTest@11bd0f3b]" name="Launch" is-config="true" duration-ms="11005" started-at="2021-03-09T10:31:00Z" finished-at="2021-03-09T10:31:11Z">
          <reporter-output>
          </reporter-output>
        </test-method> <!-- Launch -->
        <test-method status="PASS" signature="AmazonHomePage()[pri:0, instance:Structured.DataPattern.AmazonHomeTest@11bd0f3b]" name="AmazonHomePage" duration-ms="6985" started-at="2021-03-09T10:31:11Z" finished-at="2021-03-09T10:31:18Z">
          <reporter-output>
          </reporter-output>
        </test-method> <!-- AmazonHomePage -->
        <test-method status="PASS" signature="teardown()[pri:0, instance:Structured.DataPattern.AmazonHomeTest@11bd0f3b]" name="teardown" is-config="true" duration-ms="836" started-at="2021-03-09T10:31:18Z" finished-at="2021-03-09T10:31:19Z">
          <reporter-output>
          </reporter-output>
        </test-method> <!-- teardown -->
      </class> <!-- Structured.DataPattern.AmazonHomeTest -->
    </test> <!-- Validating amazon home -->
  </suite> <!-- Suite -->
</testng-results>
