<?xml version="1.0" encoding="UTF-8"?>
<!-- Generated by org.testng.reporters.JUnitXMLReporter -->
<testsuite hostname="muthal" ignored="0" name="Test" tests="4" failures="0" timestamp="07 Mar 2021 18:46:14 GMT" time="124.897" errors="0">
  <testcase name="validation" time="0.621" classname="Structured.DataPattern.validateTitle"/>
  <testcase name="validateAppTitle" time="0.215" classname="Structured.DataPattern.validateNavigation"/>
  <testcase name="baseNavigation" time="10.155" classname="Structured.DataPattern.HomePage"/>
  <testcase name="baseNavigation" time="1.681" classname="Structured.DataPattern.HomePage"/>
</testsuite> <!-- Test -->
